app/build/outputs/logs/manifest-merger-debug-report.txt
-- Merging decision tree log ---
manifest
ADDED from src\main\AndroidManifest.xml:2:1-28:12
	package
		ADDED from src\main\AndroidManifest.xml:3:7-32
		INJECTED from src\main\AndroidManifest.xml
		INJECTED from src\main\AndroidManifest.xml
	android:versionName
		ADDED from src\main\AndroidManifest.xml:5:7-32
		INJECTED from src\main\AndroidManifest.xml
		INJECTED from src\main\AndroidManifest.xml
	android:versionCode
		ADDED from src\main\AndroidManifest.xml:4:7-30
		INJECTED from src\main\AndroidManifest.xml
		INJECTED from src\main\AndroidManifest.xml
	xmlns:android
		ADDED from src\main\AndroidManifest.xml:2:11-69
application
ADDED from src\main\AndroidManifest.xml:6:5-18:19
	android:label
		ADDED from src\main\AndroidManifest.xml:6:48-80
	android:debuggable
		ADDED from src\main\AndroidManifest.xml:6:81-106
	android:icon
		ADDED from src\main\AndroidManifest.xml:6:18-47
activity#com.tokudu.demo.PushActivity
ADDED from src\main\AndroidManifest.xml:7:9-16:20
	android:label
		ADDED from src\main\AndroidManifest.xml:8:19-51
	android:launchMode
		ADDED from src\main\AndroidManifest.xml:10:19-49
	android:theme
		ADDED from src\main\AndroidManifest.xml:9:19-72
	android:name
		ADDED from src\main\AndroidManifest.xml:7:19-47
intent-filter#android.intent.action.MAIN+android.intent.category.LAUNCHER
ADDED from src\main\AndroidManifest.xml:12:13-15:29
action#android.intent.action.MAIN
ADDED from src\main\AndroidManifest.xml:13:17-69
	android:name
		ADDED from src\main\AndroidManifest.xml:13:25-66
category#android.intent.category.LAUNCHER
ADDED from src\main\AndroidManifest.xml:14:17-77
	android:name
		ADDED from src\main\AndroidManifest.xml:14:27-74
service#com.tokudu.demo.PushService
ADDED from src\main\AndroidManifest.xml:17:3-100
	android:label
		ADDED from src\main\AndroidManifest.xml:17:40-89
	android:name
		ADDED from src\main\AndroidManifest.xml:17:12-39
uses-permission#android.permission.INTERNET
ADDED from src\main\AndroidManifest.xml:19:2-64
	android:name
		ADDED from src\main\AndroidManifest.xml:19:19-61
uses-permission#android.permission.VIBRATE
ADDED from src\main\AndroidManifest.xml:20:2-63
	android:name
		ADDED from src\main\AndroidManifest.xml:20:19-60
uses-permission#android.permission.ACCESS_NETWORK_STATE
ADDED from src\main\AndroidManifest.xml:21:5-79
	android:name
		ADDED from src\main\AndroidManifest.xml:21:22-76
uses-permission#android.permission.READ_EXTERNAL_STORAGE
ADDED from src\main\AndroidManifest.xml:22:5-79
	android:name
		ADDED from src\main\AndroidManifest.xml:22:22-77
uses-permission#android.permission.BIND_CHOOSER_TARGET_SERVICE
ADDED from src\main\AndroidManifest.xml:23:5-85
	android:name
		ADDED from src\main\AndroidManifest.xml:23:22-83
uses-permission#android.permission.WRITE_EXTERNAL_STORAGE
ADDED from src\main\AndroidManifest.xml:25:5-80
	android:name
		ADDED from src\main\AndroidManifest.xml:25:22-78
uses-sdk
ADDED from src\main\AndroidManifest.xml:26:5-42
	android:minSdkVersion
		ADDED from src\main\AndroidManifest.xml:26:15-40
		INJECTED from src\main\AndroidManifest.xml
		INJECTED from src\main\AndroidManifest.xml